   1                             		.file	"Powerboard.c"
   2                             		.section P,"ax"
   3                             	.Ltext0:
   4                             		.section	.text.__main,"ax",@progbits
   5                             		.global	___main
   7                             	___main:
   8                             	.LFB0:
   9                             		.file 1 "../src/Powerboard.c"
   1:../src/Powerboard.c **** /***************************************************************/
   2:../src/Powerboard.c **** /*                                                             */
   3:../src/Powerboard.c **** /*      PROJECT NAME :  Powerboard                             */
   4:../src/Powerboard.c **** /*      FILE         :  Powerboard.cpp                         */
   5:../src/Powerboard.c **** /*      DESCRIPTION  :  Main Program                           */
   6:../src/Powerboard.c **** /*                                                             */
   7:../src/Powerboard.c **** /*      This file was generated by e2 studio.                  */
   8:../src/Powerboard.c **** /*                                                             */
   9:../src/Powerboard.c **** /***************************************************************/
  10:../src/Powerboard.c **** 
  11:../src/Powerboard.c **** #include <iodefine.h>
  12:../src/Powerboard.c **** #include "board.h"
  13:../src/Powerboard.c **** 
  14:../src/Powerboard.c **** #ifdef CPPAPP
  15:../src/Powerboard.c **** //Initialize global constructors
  16:../src/Powerboard.c **** extern void __main()
  17:../src/Powerboard.c **** {
  10                             		.loc 1 17 0
  11 0000 7E A6                   		push.l	r6
  12                             	.LCFI0:
  13 0002 71 06 FC                		add	#-4, r0, r6
  14                             	.LCFI1:
  15 0005 EF 60                   		mov.L	r6, r0
  16                             	.LCFI2:
  18:../src/Powerboard.c ****   static int initialized;
  19:../src/Powerboard.c ****   if (! initialized)
  17                             		.loc 1 19 0
  18 0007 FB 52 00 00 00 00       		mov.L	#_initialized.13935, r5
  19 000d EC 55                   		mov.L	[r5], r5
  20 000f 61 05                   		cmp	#0, r5
  21 0011 21 29                   		bne	.L1
  22                             	.LBB2:
  20:../src/Powerboard.c ****     {
  21:../src/Powerboard.c ****       typedef void (*pfunc) ();
  22:../src/Powerboard.c ****       extern pfunc __ctors[];
  23:../src/Powerboard.c ****       extern pfunc __ctors_end[];
  24:../src/Powerboard.c ****       pfunc *p;
  25:../src/Powerboard.c **** 
  26:../src/Powerboard.c ****       initialized = 1;
  23                             		.loc 1 26 0
  24 0013 FB 52 00 00 00 00       		mov.L	#_initialized.13935, r5
  25 0019 F8 56 01                		mov.L	#1, [r5]
  27:../src/Powerboard.c ****       for (p = __ctors_end; p > __ctors; )
  26                             		.loc 1 27 0
  27 001c F8 62 00 00 00 00       		mov.L	#___ctors_end, [r6]
  28 0022 2E 0E                   		bra	.L3
  29                             	.L4:
  28:../src/Powerboard.c ****     (*--p) ();
  30                             		.loc 1 28 0
  31 0024 EC 65                   		mov.L	[r6], r5
  32 0026 60 45                   		sub	#4, r5
  33 0028 E3 65                   		mov.L	r5, [r6]
  34 002a EC 65                   		mov.L	[r6], r5
  35 002c EC 55                   		mov.L	[r5], r5
  36 002e 7F 15                   		jsr	r5
  37                             	.L3:
  27:../src/Powerboard.c ****       for (p = __ctors_end; p > __ctors; )
  38                             		.loc 1 27 0 discriminator 1
  39 0030 EC 65                   		mov.L	[r6], r5
  40 0032 74 05 00 00 00 00       		cmp	#___ctors, r5
  41 0038 24 EC                   		bgtu	.L4
  42                             	.L1:
  43                             	.LBE2:
  29:../src/Powerboard.c **** 
  30:../src/Powerboard.c ****     }
  31:../src/Powerboard.c **** }
  44                             		.loc 1 31 0
  45 003a 3F 66 02                		rtsd	#8, r6-r6
  46                             	.LFE0:
  48                             		.section	.text.main,"ax",@progbits
  49                             		.global	_main
  51                             	_main:
  52                             	.LFB1:
  32:../src/Powerboard.c **** #endif 
  33:../src/Powerboard.c **** 
  34:../src/Powerboard.c **** int main(void) {
  53                             		.loc 1 34 0
  54 0000 7E A6                   		push.l	r6
  55                             	.LCFI3:
  56 0002 EF 06                   		mov.L	r0, r6
  57                             	.LCFI4:
  35:../src/Powerboard.c **** 
  36:../src/Powerboard.c **** 	init_board();
  58                             		.loc 1 36 0
  59 0004 05 00 00 00             		bsr	_init_board
  37:../src/Powerboard.c **** 	LED1_DDR = 1;
  60                             		.loc 1 37 0
  61 0008 FB 5E 0C C0 08          		mov.L	#0x8c00c, r5
  62 000d CC 54                   		mov.B	[r5], r4
  63 000f 75 34 20                		or	#32, r4
  64 0012 C3 54                   		mov.B	r4, [r5]
  38:../src/Powerboard.c **** 	LED1_Port = 1;
  65                             		.loc 1 38 0
  66 0014 FB 5E 0C C0 08          		mov.L	#0x8c00c, r5
  67 0019 CD 54 20                		mov.B	32[r5], r4
  68 001c 75 34 20                		or	#32, r4
  69 001f C7 54 20                		mov.B	r4, 32[r5]
  70                             	.L6:
  39:../src/Powerboard.c **** 
  40:../src/Powerboard.c ****     while(1) {
  41:../src/Powerboard.c ****     	delay_ms(500);
  71                             		.loc 1 41 0 discriminator 1
  72 0022 FB 1A F4 01             		mov.L	#0x1f4, r1
  73 0026 05 00 00 00             		bsr	_delay_ms
  42:../src/Powerboard.c ****     	LED1_Port = 1;
  74                             		.loc 1 42 0 discriminator 1
  75 002a FB 5E 0C C0 08          		mov.L	#0x8c00c, r5
  76 002f CD 54 20                		mov.B	32[r5], r4
  77 0032 75 34 20                		or	#32, r4
  78 0035 C7 54 20                		mov.B	r4, 32[r5]
  43:../src/Powerboard.c ****     	delay_ms(500);
  79                             		.loc 1 43 0 discriminator 1
  80 0038 FB 1A F4 01             		mov.L	#0x1f4, r1
  81 003c 05 00 00 00             		bsr	_delay_ms
  44:../src/Powerboard.c ****     	LED1_Port = 0;
  82                             		.loc 1 44 0 discriminator 1
  83 0040 FB 5E 0C C0 08          		mov.L	#0x8c00c, r5
  84 0045 CD 54 20                		mov.B	32[r5], r4
  85 0048 75 24 DF                		and	#-33, r4
  86 004b C7 54 20                		mov.B	r4, 32[r5]
  45:../src/Powerboard.c **** 	// TODO: add application code here
  46:../src/Powerboard.c ****     }
  87                             		.loc 1 46 0 discriminator 1
  88 004e 2E D4                   		bra	.L6
  89                             	.LFE1:
  91                             		.section	.bss.initialized.13935,"aw",@nobits
  92                             		.balign 4
  95                             	_initialized.13935:
  96 0000 00 00 00 00             		.zero	4
 156                             	.Letext0:
 157                             		.file 2 "C:/projekte/Software/renesas/Powerboard/generate/iodefine.h"
